<?xml version="1.0" encoding="UTF-8"?>
<!-- Generated by org.testng.reporters.JUnitXMLReporter -->
<testsuite hostname="rockygupta" ignored="0" name="Test" tests="4" failures="1" timestamp="28 Sep 2019 06:35:22 GMT" time="24.12" errors="0">
  <testcase name="loginPageTitleTest" time="0.225" classname="com.qa.pages.LoginPageTest">
    <skipped/>
  </testcase> <!-- loginPageTitleTest -->
  <testcase name="loginPageTitleTest" time="0.029" classname="com.qa.pages.LoginPageTest">
    <skipped/>
  </testcase> <!-- loginPageTitleTest -->
  <testcase name="loginPageTitleTest" time="0.325" classname="com.qa.pages.LoginPageTest">
    <skipped/>
  </testcase> <!-- loginPageTitleTest -->
  <testcase name="loginPageTitleTest" time="0.345" classname="com.qa.pages.LoginPageTest">
    <failure type="java.lang.AssertionError" message="expected [Gmail] but found [React App]">
      <![CDATA[java.lang.AssertionError: expected [Gmail] but found [React App]
at com.qa.pages.LoginPageTest.loginPageTitleTest(LoginPageTest.java:27)
... Removed 31 stack frames]]>
    </failure>
  </testcase> <!-- loginPageTitleTest -->
</testsuite> <!-- Test -->
